<?xml version="1.0" encoding="UTF-8"?>
<testng-results skipped="0" failed="0" ignored="0" total="1" passed="1">
  <reporter-output>
  </reporter-output>
  <suite name="Command line suite" duration-ms="9" started-at="2017-11-15T07:21:40Z" finished-at="2017-11-15T07:21:40Z">
    <groups>
    </groups>
    <test name="Command line test" duration-ms="9" started-at="2017-11-15T07:21:40Z" finished-at="2017-11-15T07:21:40Z">
      <class name="selenium.mavenwork.seleniummaventest.AppTest">
        <test-method status="PASS" signature="testApp()[pri:0, instance:testApp(selenium.mavenwork.seleniummaventest.AppTest)]" name="testApp" duration-ms="1" started-at="2017-11-15T12:51:40Z" finished-at="2017-11-15T12:51:40Z">
          <reporter-output>
          </reporter-output>
        </test-method> <!-- testApp -->
      </class> <!-- selenium.mavenwork.seleniummaventest.AppTest -->
    </test> <!-- Command line test -->
  </suite> <!-- Command line suite -->
</testng-results>
