<?xml version="1.0" encoding="UTF-8"?>
<testng-results skipped="0" failed="0" ignored="0" total="1" passed="1">
  <reporter-output>
  </reporter-output>
  <suite name="Command line suite" duration-ms="23701" started-at="2017-11-15T07:21:16Z" finished-at="2017-11-15T07:21:40Z">
    <groups>
    </groups>
    <test name="Command line test" duration-ms="23701" started-at="2017-11-15T07:21:16Z" finished-at="2017-11-15T07:21:40Z">
      <class name="selenium.mavenwork.seleniummaventest.Page1Test">
        <test-method status="PASS" signature="setUp()[pri:0, instance:selenium.mavenwork.seleniummaventest.Page1Test@6615435c]" name="setUp" is-config="true" duration-ms="13" started-at="2017-11-15T12:51:16Z" finished-at="2017-11-15T12:51:16Z">
          <reporter-output>
          </reporter-output>
        </test-method> <!-- setUp -->
        <test-method status="PASS" signature="testHere()[pri:0, instance:selenium.mavenwork.seleniummaventest.Page1Test@6615435c]" name="testHere" duration-ms="23490" started-at="2017-11-15T12:51:17Z" finished-at="2017-11-15T12:51:40Z">
          <reporter-output>
          </reporter-output>
        </test-method> <!-- testHere -->
        <test-method status="PASS" signature="cleanUp()[pri:0, instance:selenium.mavenwork.seleniummaventest.Page1Test@6615435c]" name="cleanUp" is-config="true" duration-ms="1" started-at="2017-11-15T12:51:40Z" finished-at="2017-11-15T12:51:40Z">
          <reporter-output>
          </reporter-output>
        </test-method> <!-- cleanUp -->
      </class> <!-- selenium.mavenwork.seleniummaventest.Page1Test -->
    </test> <!-- Command line test -->
  </suite> <!-- Command line suite -->
</testng-results>
