<?xml version="1.0" encoding="UTF-8"?>
<testng-results skipped="0" failed="0" ignored="0" total="1" passed="1">
  <reporter-output>
  </reporter-output>
  <suite name="Suite" duration-ms="24763" started-at="2017-11-15T13:50:28Z" finished-at="2017-11-15T13:50:52Z">
    <groups>
    </groups>
    <test name="Test" duration-ms="24763" started-at="2017-11-15T13:50:28Z" finished-at="2017-11-15T13:50:52Z">
      <class name="selenium.mavenwork.seleniummaventest.Page1Test">
        <test-method status="PASS" signature="setUp()[pri:0, instance:selenium.mavenwork.seleniummaventest.Page1Test@7e0ea639]" name="setUp" is-config="true" duration-ms="15" started-at="2017-11-15T19:20:28Z" finished-at="2017-11-15T19:20:28Z">
          <reporter-output>
          </reporter-output>
        </test-method> <!-- setUp -->
        <test-method status="PASS" signature="testHere()[pri:0, instance:selenium.mavenwork.seleniummaventest.Page1Test@7e0ea639]" name="testHere" duration-ms="24716" started-at="2017-11-15T19:20:28Z" finished-at="2017-11-15T19:20:52Z">
          <reporter-output>
          </reporter-output>
        </test-method> <!-- testHere -->
        <test-method status="PASS" signature="cleanUp()[pri:0, instance:selenium.mavenwork.seleniummaventest.Page1Test@7e0ea639]" name="cleanUp" is-config="true" duration-ms="0" started-at="2017-11-15T19:20:52Z" finished-at="2017-11-15T19:20:52Z">
          <reporter-output>
          </reporter-output>
        </test-method> <!-- cleanUp -->
      </class> <!-- selenium.mavenwork.seleniummaventest.Page1Test -->
    </test> <!-- Test -->
  </suite> <!-- Suite -->
</testng-results>
