<?xml version="1.0" encoding="UTF-8"?>
<testng-results skipped="0" failed="0" ignored="0" total="1" passed="1">
  <reporter-output>
  </reporter-output>
  <suite name="Default suite" duration-ms="11162" started-at="2017-11-15T07:39:43Z" finished-at="2017-11-15T07:39:54Z">
    <groups>
    </groups>
    <test name="Default test" duration-ms="11162" started-at="2017-11-15T07:39:43Z" finished-at="2017-11-15T07:39:54Z">
      <class name="selenium.mavenwork.seleniummaventest.Page1Test">
        <test-method status="PASS" signature="setUp()[pri:0, instance:selenium.mavenwork.seleniummaventest.Page1Test@42e26948]" name="setUp" is-config="true" duration-ms="12" started-at="2017-11-15T13:09:43Z" finished-at="2017-11-15T13:09:43Z">
          <reporter-output>
          </reporter-output>
        </test-method> <!-- setUp -->
        <test-method status="PASS" signature="testHere()[pri:0, instance:selenium.mavenwork.seleniummaventest.Page1Test@42e26948]" name="testHere" duration-ms="11096" started-at="2017-11-15T13:09:43Z" finished-at="2017-11-15T13:09:54Z">
          <reporter-output>
          </reporter-output>
        </test-method> <!-- testHere -->
        <test-method status="PASS" signature="cleanUp()[pri:0, instance:selenium.mavenwork.seleniummaventest.Page1Test@42e26948]" name="cleanUp" is-config="true" duration-ms="1" started-at="2017-11-15T13:09:54Z" finished-at="2017-11-15T13:09:54Z">
          <reporter-output>
          </reporter-output>
        </test-method> <!-- cleanUp -->
      </class> <!-- selenium.mavenwork.seleniummaventest.Page1Test -->
    </test> <!-- Default test -->
  </suite> <!-- Default suite -->
</testng-results>
